<?xml version="1.0" encoding="UTF-8"?>
<!-- Generated by org.testng.reporters.JUnitReportReporter -->
<testsuite hostname="Srinivas" name="com.inetbanking.testCases.TC_AddNewCustomer_001" tests="1" failures="0" timestamp="13 Mar 2021 18:18:31 GMT" time="6.341" errors="0">
  <testcase name="addNewCustomer" time="6.341" classname="com.inetbanking.testCases.TC_AddNewCustomer_001"/>
</testsuite> <!-- com.inetbanking.testCases.TC_AddNewCustomer_001 -->
