<?xml version="1.0" encoding="UTF-8"?>
<!-- Generated by org.testng.reporters.JUnitReportReporter -->
<testsuite hostname="Srinivas" name="com.inetbanking.testCases.TC_AddNewCustomer_001" tests="1" failures="0" timestamp="21 Sep 2021 18:32:40 GMT" time="5.986" errors="0">
  <testcase name="addNewCustomer" time="5.986" classname="com.inetbanking.testCases.TC_AddNewCustomer_001"/>
</testsuite> <!-- com.inetbanking.testCases.TC_AddNewCustomer_001 -->
